# JRE version: OpenJDK Runtime Environment Temurin-21.0.9+10 (21.0.9+10) (build 21.0.9+10-LTS)
# Java VM: OpenJDK 64-Bit Server VM Temurin-21.0.9+10 (21.0.9+10-LTS, mixed mode, sharing, tiered, compressed oops, compressed class ptrs, parallel gc, windows-amd64)
GC Precious Log:
 CardTable entry size: 512
 CPUs: 28 total, 28 available
 Memory: 16159M
 Large Page Support: Disabled
 NUMA Support: Disabled
 Compressed Oops: Enabled (32-bit)
 Alignments: Space 512K, Generation 512K, Heap 2M
 Heap Min Capacity: 100M
 Heap Initial Capacity: 100M
 Heap Max Capacity: 2G
 Pre-touch: Disabled
 Parallel Workers: 20
Heap:
 PSYoungGen      total 4608K, used 4573K [0x00000000d5580000, 0x00000000d5c80000, 0x0000000100000000)
  eden space 3584K, 99% used [0x00000000d5580000,0x00000000d58ffff8,0x00000000d5900000)
  from space 1024K, 96% used [0x00000000d5a80000,0x00000000d5b774c8,0x00000000d5b80000)
  to   space 1536K, 10% used [0x00000000d5900000,0x00000000d5928000,0x00000000d5a80000)
 ParOldGen       total 330240K, used 330168K [0x0000000080000000, 0x0000000094280000, 0x00000000d5580000)
  object space 330240K, 99% used [0x0000000080000000,0x0000000094272080,0x0000000094280000)
 Metaspace       used 62590K, committed 64000K, reserved 1114112K
  class space    used 6509K, committed 7104K, reserved 1048576K
GC Heap History (20 events):
Event: 44.248 GC heap before
{Heap before GC invocations=538 (full 3):
 PSYoungGen      total 5120K, used 4768K [0x00000000d5580000, 0x00000000d5b80000, 0x0000000100000000)
  eden space 4096K, 100% used [0x00000000d5580000,0x00000000d5980000,0x00000000d5980000)
  from space 1024K, 65% used [0x00000000d5a80000,0x00000000d5b28000,0x00000000d5b80000)
  to   space 1024K, 0% used [0x00000000d5980000,0x00000000d5980000,0x00000000d5a80000)
 ParOldGen       total 294912K, used 294647K [0x0000000080000000, 0x0000000092000000, 0x00000000d5580000)
  object space 294912K, 99% used [0x0000000080000000,0x0000000091fbdcc0,0x0000000092000000)
 Metaspace       used 62534K, committed 63936K, reserved 1114112K
  class space    used 6509K, committed 7104K, reserved 1048576K
}
Event: 44.250 GC heap after
{Heap after GC invocations=538 (full 3):
 PSYoungGen      total 5120K, used 704K [0x00000000d5580000, 0x00000000d5b80000, 0x0000000100000000)
  eden space 4096K, 0% used [0x00000000d5580000,0x00000000d5580000,0x00000000d5980000)
  from space 1024K, 68% used [0x00000000d5980000,0x00000000d5a30000,0x00000000d5a80000)
  to   space 1024K, 0% used [0x00000000d5a80000,0x00000000d5a80000,0x00000000d5b80000)
 ParOldGen       total 295424K, used 294945K [0x0000000080000000, 0x0000000092080000, 0x00000000d5580000)
  object space 295424K, 99% used [0x0000000080000000,0x0000000092008640,0x0000000092080000)
 Metaspace       used 62534K, committed 63936K, reserved 1114112K
  class space    used 6509K, committed 7104K, reserved 1048576K
}
Event: 44.322 GC heap before
{Heap before GC invocations=539 (full 3):
 PSYoungGen      total 5120K, used 4800K [0x00000000d5580000, 0x00000000d5b80000, 0x0000000100000000)
  eden space 4096K, 100% used [0x00000000d5580000,0x00000000d5980000,0x00000000d5980000)
  from space 1024K, 68% used [0x00000000d5980000,0x00000000d5a30000,0x00000000d5a80000)
  to   space 1024K, 0% used [0x00000000d5a80000,0x00000000d5a80000,0x00000000d5b80000)
 ParOldGen       total 295424K, used 294945K [0x0000000080000000, 0x0000000092080000, 0x00000000d5580000)
  object space 295424K, 99% used [0x0000000080000000,0x0000000092008640,0x0000000092080000)
 Metaspace       used 62534K, committed 63936K, reserved 1114112K
  class space    used 6509K, committed 7104K, reserved 1048576K
}
Event: 44.325 GC heap after
{Heap after GC invocations=539 (full 3):
 PSYoungGen      total 5120K, used 672K [0x00000000d5580000, 0x00000000d5b80000, 0x0000000100000000)
  eden space 4096K, 0% used [0x00000000d5580000,0x00000000d5580000,0x00000000d5980000)
  from space 1024K, 65% used [0x00000000d5a80000,0x00000000d5b28000,0x00000000d5b80000)
  to   space 1024K, 0% used [0x00000000d5980000,0x00000000d5980000,0x00000000d5a80000)
 ParOldGen       total 295424K, used 295250K [0x0000000080000000, 0x0000000092080000, 0x00000000d5580000)
  object space 295424K, 99% used [0x0000000080000000,0x0000000092054980,0x0000000092080000)
 Metaspace       used 62534K, committed 63936K, reserved 1114112K
  class space    used 6509K, committed 7104K, reserved 1048576K
}
Event: 44.390 GC heap before
{Heap before GC invocations=540 (full 3):
 PSYoungGen      total 5120K, used 4768K [0x00000000d5580000, 0x00000000d5b80000, 0x0000000100000000)
  eden space 4096K, 100% used [0x00000000d5580000,0x00000000d5980000,0x00000000d5980000)
  from space 1024K, 65% used [0x00000000d5a80000,0x00000000d5b28000,0x00000000d5b80000)
  to   space 1024K, 0% used [0x00000000d5980000,0x00000000d5980000,0x00000000d5a80000)
 ParOldGen       total 295424K, used 295250K [0x0000000080000000, 0x0000000092080000, 0x00000000d5580000)
  object space 295424K, 99% used [0x0000000080000000,0x0000000092054980,0x0000000092080000)
 Metaspace       used 62535K, committed 63936K, reserved 1114112K
  class space    used 6509K, committed 7104K, reserved 1048576K
}
Event: 44.391 GC heap after
{Heap after GC invocations=540 (full 3):
 PSYoungGen      total 5120K, used 738K [0x00000000d5580000, 0x00000000d5b80000, 0x0000000100000000)
  eden space 4096K, 0% used [0x00000000d5580000,0x00000000d5580000,0x00000000d5980000)
  from space 1024K, 72% used [0x00000000d5980000,0x00000000d5a38800,0x00000000d5a80000)
  to   space 1024K, 0% used [0x00000000d5a80000,0x00000000d5a80000,0x00000000d5b80000)
 ParOldGen       total 295936K, used 295522K [0x0000000080000000, 0x0000000092100000, 0x00000000d5580000)
  object space 295936K, 99% used [0x0000000080000000,0x0000000092098980,0x0000000092100000)
 Metaspace       used 62535K, committed 63936K, reserved 1114112K
  class space    used 6509K, committed 7104K, reserved 1048576K
}
Event: 44.466 GC heap before
{Heap before GC invocations=541 (full 3):
 PSYoungGen      total 5120K, used 4834K [0x00000000d5580000, 0x00000000d5b80000, 0x0000000100000000)
  eden space 4096K, 100% used [0x00000000d5580000,0x00000000d5980000,0x00000000d5980000)
  from space 1024K, 72% used [0x00000000d5980000,0x00000000d5a38800,0x00000000d5a80000)
  to   space 1024K, 0% used [0x00000000d5a80000,0x00000000d5a80000,0x00000000d5b80000)
 ParOldGen       total 295936K, used 295522K [0x0000000080000000, 0x0000000092100000, 0x00000000d5580000)
  object space 295936K, 99% used [0x0000000080000000,0x0000000092098980,0x0000000092100000)
 Metaspace       used 62535K, committed 63936K, reserved 1114112K
  class space    used 6509K, committed 7104K, reserved 1048576K
}
Event: 44.468 GC heap after
{Heap after GC invocations=541 (full 3):
 PSYoungGen      total 5120K, used 672K [0x00000000d5580000, 0x00000000d5b80000, 0x0000000100000000)
  eden space 4096K, 0% used [0x00000000d5580000,0x00000000d5580000,0x00000000d5980000)
  from space 1024K, 65% used [0x00000000d5a80000,0x00000000d5b28000,0x00000000d5b80000)
  to   space 1024K, 0% used [0x00000000d5980000,0x00000000d5980000,0x00000000d5a80000)
 ParOldGen       total 295936K, used 295900K [0x0000000080000000, 0x0000000092100000, 0x00000000d5580000)
  object space 295936K, 99% used [0x0000000080000000,0x00000000920f7180,0x0000000092100000)
 Metaspace       used 62535K, committed 63936K, reserved 1114112K
  class space    used 6509K, committed 7104K, reserved 1048576K
}
Event: 44.543 GC heap before
{Heap before GC invocations=542 (full 3):
 PSYoungGen      total 5120K, used 4768K [0x00000000d5580000, 0x00000000d5b80000, 0x0000000100000000)
  eden space 4096K, 100% used [0x00000000d5580000,0x00000000d5980000,0x00000000d5980000)
  from space 1024K, 65% used [0x00000000d5a80000,0x00000000d5b28000,0x00000000d5b80000)
  to   space 1024K, 0% used [0x00000000d5980000,0x00000000d5980000,0x00000000d5a80000)
 ParOldGen       total 295936K, used 295900K [0x0000000080000000, 0x0000000092100000, 0x00000000d5580000)
  object space 295936K, 99% used [0x0000000080000000,0x00000000920f7180,0x0000000092100000)
 Metaspace       used 62537K, committed 63936K, reserved 1114112K
  class space    used 6509K, committed 7104K, reserved 1048576K
}
Event: 44.545 GC heap after
{Heap after GC invocations=542 (full 3):
 PSYoungGen      total 5120K, used 672K [0x00000000d5580000, 0x00000000d5b80000, 0x0000000100000000)
  eden space 4096K, 0% used [0x00000000d5580000,0x00000000d5580000,0x00000000d5980000)
  from space 1024K, 65% used [0x00000000d5980000,0x00000000d5a28000,0x00000000d5a80000)
  to   space 1024K, 0% used [0x00000000d5a80000,0x00000000d5a80000,0x00000000d5b80000)
 ParOldGen       total 296448K, used 296188K [0x0000000080000000, 0x0000000092180000, 0x00000000d5580000)
  object space 296448K, 99% used [0x0000000080000000,0x000000009213f180,0x0000000092180000)
 Metaspace       used 62537K, committed 63936K, reserved 1114112K
  class space    used 6509K, committed 7104K, reserved 1048576K
}
Event: 44.579 GC heap before
{Heap before GC invocations=543 (full 3):
 PSYoungGen      total 5120K, used 4768K [0x00000000d5580000, 0x00000000d5b80000, 0x0000000100000000)
  eden space 4096K, 100% used [0x00000000d5580000,0x00000000d5980000,0x00000000d5980000)
  from space 1024K, 65% used [0x00000000d5980000,0x00000000d5a28000,0x00000000d5a80000)
  to   space 1024K, 0% used [0x00000000d5a80000,0x00000000d5a80000,0x00000000d5b80000)
 ParOldGen       total 296448K, used 296188K [0x0000000080000000, 0x0000000092180000, 0x00000000d5580000)
  object space 296448K, 99% used [0x0000000080000000,0x000000009213f180,0x0000000092180000)
 Metaspace       used 62538K, committed 63936K, reserved 1114112K
  class space    used 6509K, committed 7104K, reserved 1048576K
}
Event: 44.581 GC heap after
{Heap after GC invocations=543 (full 3):
 PSYoungGen      total 5120K, used 608K [0x00000000d5580000, 0x00000000d5b80000, 0x0000000100000000)
  eden space 4096K, 0% used [0x00000000d5580000,0x00000000d5580000,0x00000000d5980000)
  from space 1024K, 59% used [0x00000000d5a80000,0x00000000d5b18000,0x00000000d5b80000)
  to   space 1024K, 0% used [0x00000000d5980000,0x00000000d5980000,0x00000000d5a80000)
 ParOldGen       total 296960K, used 296480K [0x0000000080000000, 0x0000000092200000, 0x00000000d5580000)
  object space 296960K, 99% used [0x0000000080000000,0x0000000092188118,0x0000000092200000)
 Metaspace       used 62538K, committed 63936K, reserved 1114112K
  class space    used 6509K, committed 7104K, reserved 1048576K
}
Event: 44.608 GC heap before
{Heap before GC invocations=544 (full 3):
 PSYoungGen      total 5120K, used 4704K [0x00000000d5580000, 0x00000000d5b80000, 0x0000000100000000)
  eden space 4096K, 100% used [0x00000000d5580000,0x00000000d5980000,0x00000000d5980000)
  from space 1024K, 59% used [0x00000000d5a80000,0x00000000d5b18000,0x00000000d5b80000)
  to   space 1024K, 0% used [0x00000000d5980000,0x00000000d5980000,0x00000000d5a80000)
 ParOldGen       total 296960K, used 296480K [0x0000000080000000, 0x0000000092200000, 0x00000000d5580000)
  object space 296960K, 99% used [0x0000000080000000,0x0000000092188118,0x0000000092200000)
 Metaspace       used 62540K, committed 63936K, reserved 1114112K
  class space    used 6509K, committed 7104K, reserved 1048576K
}
Event: 44.610 GC heap after
{Heap after GC invocations=544 (full 3):
 PSYoungGen      total 5120K, used 704K [0x00000000d5580000, 0x00000000d5b80000, 0x0000000100000000)
  eden space 4096K, 0% used [0x00000000d5580000,0x00000000d5580000,0x00000000d5980000)
  from space 1024K, 68% used [0x00000000d5980000,0x00000000d5a30000,0x00000000d5a80000)
  to   space 1024K, 0% used [0x00000000d5a80000,0x00000000d5a80000,0x00000000d5b80000)
 ParOldGen       total 296960K, used 296767K [0x0000000080000000, 0x0000000092200000, 0x00000000d5580000)
  object space 296960K, 99% used [0x0000000080000000,0x00000000921cfd30,0x0000000092200000)
 Metaspace       used 62540K, committed 63936K, reserved 1114112K
  class space    used 6509K, committed 7104K, reserved 1048576K
}
Event: 44.658 GC heap before
{Heap before GC invocations=545 (full 3):
 PSYoungGen      total 5120K, used 4800K [0x00000000d5580000, 0x00000000d5b80000, 0x0000000100000000)
  eden space 4096K, 100% used [0x00000000d5580000,0x00000000d5980000,0x00000000d5980000)
  from space 1024K, 68% used [0x00000000d5980000,0x00000000d5a30000,0x00000000d5a80000)
  to   space 1024K, 0% used [0x00000000d5a80000,0x00000000d5a80000,0x00000000d5b80000)
 ParOldGen       total 296960K, used 296767K [0x0000000080000000, 0x0000000092200000, 0x00000000d5580000)
  object space 296960K, 99% used [0x0000000080000000,0x00000000921cfd30,0x0000000092200000)
 Metaspace       used 62540K, committed 63936K, reserved 1114112K
  class space    used 6509K, committed 7104K, reserved 1048576K
}
Event: 44.660 GC heap after
{Heap after GC invocations=545 (full 3):
 PSYoungGen      total 5120K, used 672K [0x00000000d5580000, 0x00000000d5b80000, 0x0000000100000000)
  eden space 4096K, 0% used [0x00000000d5580000,0x00000000d5580000,0x00000000d5980000)
  from space 1024K, 65% used [0x00000000d5a80000,0x00000000d5b28000,0x00000000d5b80000)
  to   space 1024K, 0% used [0x00000000d5980000,0x00000000d5980000,0x00000000d5a80000)
 ParOldGen       total 297472K, used 297035K [0x0000000080000000, 0x0000000092280000, 0x00000000d5580000)
  object space 297472K, 99% used [0x0000000080000000,0x0000000092212e30,0x0000000092280000)
 Metaspace       used 62540K, committed 63936K, reserved 1114112K
  class space    used 6509K, committed 7104K, reserved 1048576K
}
Event: 44.681 GC heap before
{Heap before GC invocations=546 (full 3):
 PSYoungGen      total 5120K, used 4768K [0x00000000d5580000, 0x00000000d5b80000, 0x0000000100000000)
  eden space 4096K, 100% used [0x00000000d5580000,0x00000000d5980000,0x00000000d5980000)
  from space 1024K, 65% used [0x00000000d5a80000,0x00000000d5b28000,0x00000000d5b80000)
  to   space 1024K, 0% used [0x00000000d5980000,0x00000000d5980000,0x00000000d5a80000)
 ParOldGen       total 297472K, used 297035K [0x0000000080000000, 0x0000000092280000, 0x00000000d5580000)
  object space 297472K, 99% used [0x0000000080000000,0x0000000092212e30,0x0000000092280000)
 Metaspace       used 62545K, committed 63936K, reserved 1114112K
  class space    used 6509K, committed 7104K, reserved 1048576K
}
Event: 44.684 GC heap after
{Heap after GC invocations=546 (full 3):
 PSYoungGen      total 5120K, used 732K [0x00000000d5580000, 0x00000000d5b80000, 0x0000000100000000)
  eden space 4096K, 0% used [0x00000000d5580000,0x00000000d5580000,0x00000000d5980000)
  from space 1024K, 71% used [0x00000000d5980000,0x00000000d5a373f8,0x00000000d5a80000)
  to   space 1024K, 0% used [0x00000000d5a80000,0x00000000d5a80000,0x00000000d5b80000)
 ParOldGen       total 297472K, used 297355K [0x0000000080000000, 0x0000000092280000, 0x00000000d5580000)
  object space 297472K, 99% used [0x0000000080000000,0x0000000092262de8,0x0000000092280000)
 Metaspace       used 62545K, committed 63936K, reserved 1114112K
  class space    used 6509K, committed 7104K, reserved 1048576K
}
Event: 44.702 GC heap before
{Heap before GC invocations=547 (full 3):
 PSYoungGen      total 5120K, used 4828K [0x00000000d5580000, 0x00000000d5b80000, 0x0000000100000000)
  eden space 4096K, 100% used [0x00000000d5580000,0x00000000d5980000,0x00000000d5980000)
  from space 1024K, 71% used [0x00000000d5980000,0x00000000d5a373f8,0x00000000d5a80000)
  to   space 1024K, 0% used [0x00000000d5a80000,0x00000000d5a80000,0x00000000d5b80000)
 ParOldGen       total 297472K, used 297355K [0x0000000080000000, 0x0000000092280000, 0x00000000d5580000)
  object space 297472K, 99% used [0x0000000080000000,0x0000000092262de8,0x0000000092280000)
 Metaspace       used 62545K, committed 63936K, reserved 1114112K
  class space    used 6509K, committed 7104K, reserved 1048576K
}
Event: 44.704 GC heap after
{Heap after GC invocations=547 (full 3):
 PSYoungGen      total 5120K, used 626K [0x00000000d5580000, 0x00000000d5b80000, 0x0000000100000000)
  eden space 4096K, 0% used [0x00000000d5580000,0x00000000d5580000,0x00000000d5980000)
  from space 1024K, 61% used [0x00000000d5a80000,0x00000000d5b1cb60,0x00000000d5b80000)
  to   space 1024K, 0% used [0x00000000d5980000,0x00000000d5980000,0x00000000d5a80000)
 ParOldGen       total 297984K, used 297645K [0x0000000080000000, 0x0000000092300000, 0x00000000d5580000)
  object space 297984K, 99% used [0x0000000080000000,0x00000000922ab608,0x0000000092300000)
 Metaspace       used 62545K, committed 63936K, reserved 1114112K
  class space    used 6509K, committed 7104K, reserved 1048576K
}

