# JRE version: OpenJDK Runtime Environment Temurin-21.0.9+10 (21.0.9+10) (build 21.0.9+10-LTS)
# Java VM: OpenJDK 64-Bit Server VM Temurin-21.0.9+10 (21.0.9+10-LTS, mixed mode, sharing, tiered, compressed oops, compressed class ptrs, parallel gc, windows-amd64)
GC Precious Log:
 CardTable entry size: 512
 CPUs: 28 total, 28 available
 Memory: 16159M
 Large Page Support: Disabled
 NUMA Support: Disabled
 Compressed Oops: Enabled (32-bit)
 Alignments: Space 512K, Generation 512K, Heap 2M
 Heap Min Capacity: 100M
 Heap Initial Capacity: 100M
 Heap Max Capacity: 2G
 Pre-touch: Disabled
 Parallel Workers: 20
Heap:
 PSYoungGen      total 4096K, used 3272K [0x00000000d5580000, 0x00000000d5b80000, 0x0000000100000000)
  eden space 3072K, 90% used [0x00000000d5580000,0x00000000d583a080,0x00000000d5880000)
  from space 1024K, 46% used [0x00000000d5980000,0x00000000d59f8000,0x00000000d5a80000)
  to   space 1024K, 0% used [0x00000000d5880000,0x00000000d5880000,0x00000000d5980000)
 ParOldGen       total 352768K, used 352639K [0x0000000080000000, 0x0000000095880000, 0x00000000d5580000)
  object space 352768K, 99% used [0x0000000080000000,0x000000009585fd80,0x0000000095880000)
 Metaspace       used 66929K, committed 68544K, reserved 1114112K
  class space    used 6933K, committed 7616K, reserved 1048576K
GC Heap History (20 events):
Event: 50.304 GC heap before
{Heap before GC invocations=483 (full 3):
 PSYoungGen      total 4096K, used 3712K [0x00000000d5580000, 0x00000000d5a80000, 0x0000000100000000)
  eden space 3072K, 100% used [0x00000000d5580000,0x00000000d5880000,0x00000000d5880000)
  from space 1024K, 62% used [0x00000000d5880000,0x00000000d5920000,0x00000000d5980000)
  to   space 1024K, 0% used [0x00000000d5980000,0x00000000d5980000,0x00000000d5a80000)
 ParOldGen       total 346624K, used 346170K [0x0000000080000000, 0x0000000095280000, 0x00000000d5580000)
  object space 346624K, 99% used [0x0000000080000000,0x000000009520e8d0,0x0000000095280000)
 Metaspace       used 65281K, committed 66880K, reserved 1114112K
  class space    used 6790K, committed 7488K, reserved 1048576K
}
Event: 50.307 GC heap after
{Heap after GC invocations=483 (full 3):
 PSYoungGen      total 4096K, used 576K [0x00000000d5580000, 0x00000000d5a80000, 0x0000000100000000)
  eden space 3072K, 0% used [0x00000000d5580000,0x00000000d5580000,0x00000000d5880000)
  from space 1024K, 56% used [0x00000000d5980000,0x00000000d5a10000,0x00000000d5a80000)
  to   space 1024K, 0% used [0x00000000d5880000,0x00000000d5880000,0x00000000d5980000)
 ParOldGen       total 346624K, used 346358K [0x0000000080000000, 0x0000000095280000, 0x00000000d5580000)
  object space 346624K, 99% used [0x0000000080000000,0x000000009523d950,0x0000000095280000)
 Metaspace       used 65281K, committed 66880K, reserved 1114112K
  class space    used 6790K, committed 7488K, reserved 1048576K
}
Event: 50.358 GC heap before
{Heap before GC invocations=484 (full 3):
 PSYoungGen      total 4096K, used 3648K [0x00000000d5580000, 0x00000000d5a80000, 0x0000000100000000)
  eden space 3072K, 100% used [0x00000000d5580000,0x00000000d5880000,0x00000000d5880000)
  from space 1024K, 56% used [0x00000000d5980000,0x00000000d5a10000,0x00000000d5a80000)
  to   space 1024K, 0% used [0x00000000d5880000,0x00000000d5880000,0x00000000d5980000)
 ParOldGen       total 346624K, used 346358K [0x0000000080000000, 0x0000000095280000, 0x00000000d5580000)
  object space 346624K, 99% used [0x0000000080000000,0x000000009523d950,0x0000000095280000)
 Metaspace       used 65476K, committed 67008K, reserved 1114112K
  class space    used 6816K, committed 7488K, reserved 1048576K
}
Event: 50.361 GC heap after
{Heap after GC invocations=484 (full 3):
 PSYoungGen      total 4096K, used 544K [0x00000000d5580000, 0x00000000d5a80000, 0x0000000100000000)
  eden space 3072K, 0% used [0x00000000d5580000,0x00000000d5580000,0x00000000d5880000)
  from space 1024K, 53% used [0x00000000d5880000,0x00000000d5908000,0x00000000d5980000)
  to   space 1024K, 0% used [0x00000000d5980000,0x00000000d5980000,0x00000000d5a80000)
 ParOldGen       total 346624K, used 346550K [0x0000000080000000, 0x0000000095280000, 0x00000000d5580000)
  object space 346624K, 99% used [0x0000000080000000,0x000000009526d950,0x0000000095280000)
 Metaspace       used 65476K, committed 67008K, reserved 1114112K
  class space    used 6816K, committed 7488K, reserved 1048576K
}
Event: 50.432 GC heap before
{Heap before GC invocations=485 (full 3):
 PSYoungGen      total 4096K, used 3616K [0x00000000d5580000, 0x00000000d5a80000, 0x0000000100000000)
  eden space 3072K, 100% used [0x00000000d5580000,0x00000000d5880000,0x00000000d5880000)
  from space 1024K, 53% used [0x00000000d5880000,0x00000000d5908000,0x00000000d5980000)
  to   space 1024K, 0% used [0x00000000d5980000,0x00000000d5980000,0x00000000d5a80000)
 ParOldGen       total 346624K, used 346550K [0x0000000080000000, 0x0000000095280000, 0x00000000d5580000)
  object space 346624K, 99% used [0x0000000080000000,0x000000009526d950,0x0000000095280000)
 Metaspace       used 65755K, committed 67264K, reserved 1114112K
  class space    used 6850K, committed 7488K, reserved 1048576K
}
Event: 50.434 GC heap after
{Heap after GC invocations=485 (full 3):
 PSYoungGen      total 4096K, used 608K [0x00000000d5580000, 0x00000000d5a80000, 0x0000000100000000)
  eden space 3072K, 0% used [0x00000000d5580000,0x00000000d5580000,0x00000000d5880000)
  from space 1024K, 59% used [0x00000000d5980000,0x00000000d5a18000,0x00000000d5a80000)
  to   space 1024K, 0% used [0x00000000d5880000,0x00000000d5880000,0x00000000d5980000)
 ParOldGen       total 347136K, used 346773K [0x0000000080000000, 0x0000000095300000, 0x00000000d5580000)
  object space 347136K, 99% used [0x0000000080000000,0x00000000952a57b8,0x0000000095300000)
 Metaspace       used 65755K, committed 67264K, reserved 1114112K
  class space    used 6850K, committed 7488K, reserved 1048576K
}
Event: 50.548 GC heap before
{Heap before GC invocations=486 (full 3):
 PSYoungGen      total 4096K, used 3680K [0x00000000d5580000, 0x00000000d5a80000, 0x0000000100000000)
  eden space 3072K, 100% used [0x00000000d5580000,0x00000000d5880000,0x00000000d5880000)
  from space 1024K, 59% used [0x00000000d5980000,0x00000000d5a18000,0x00000000d5a80000)
  to   space 1024K, 0% used [0x00000000d5880000,0x00000000d5880000,0x00000000d5980000)
 ParOldGen       total 347136K, used 346773K [0x0000000080000000, 0x0000000095300000, 0x00000000d5580000)
  object space 347136K, 99% used [0x0000000080000000,0x00000000952a57b8,0x0000000095300000)
 Metaspace       used 66044K, committed 67648K, reserved 1114112K
  class space    used 6879K, committed 7552K, reserved 1048576K
}
Event: 50.550 GC heap after
{Heap after GC invocations=486 (full 3):
 PSYoungGen      total 4096K, used 645K [0x00000000d5580000, 0x00000000d5a80000, 0x0000000100000000)
  eden space 3072K, 0% used [0x00000000d5580000,0x00000000d5580000,0x00000000d5880000)
  from space 1024K, 63% used [0x00000000d5880000,0x00000000d59216b8,0x00000000d5980000)
  to   space 1024K, 0% used [0x00000000d5980000,0x00000000d5980000,0x00000000d5a80000)
 ParOldGen       total 347136K, used 347029K [0x0000000080000000, 0x0000000095300000, 0x00000000d5580000)
  object space 347136K, 99% used [0x0000000080000000,0x00000000952e57c8,0x0000000095300000)
 Metaspace       used 66044K, committed 67648K, reserved 1114112K
  class space    used 6879K, committed 7552K, reserved 1048576K
}
Event: 50.729 GC heap before
{Heap before GC invocations=487 (full 3):
 PSYoungGen      total 4096K, used 3717K [0x00000000d5580000, 0x00000000d5a80000, 0x0000000100000000)
  eden space 3072K, 100% used [0x00000000d5580000,0x00000000d5880000,0x00000000d5880000)
  from space 1024K, 63% used [0x00000000d5880000,0x00000000d59216b8,0x00000000d5980000)
  to   space 1024K, 0% used [0x00000000d5980000,0x00000000d5980000,0x00000000d5a80000)
 ParOldGen       total 347136K, used 347029K [0x0000000080000000, 0x0000000095300000, 0x00000000d5580000)
  object space 347136K, 99% used [0x0000000080000000,0x00000000952e57c8,0x0000000095300000)
 Metaspace       used 66097K, committed 67712K, reserved 1114112K
  class space    used 6887K, committed 7552K, reserved 1048576K
}
Event: 50.731 GC heap after
{Heap after GC invocations=487 (full 3):
 PSYoungGen      total 4096K, used 720K [0x00000000d5580000, 0x00000000d5a80000, 0x0000000100000000)
  eden space 3072K, 0% used [0x00000000d5580000,0x00000000d5580000,0x00000000d5880000)
  from space 1024K, 70% used [0x00000000d5980000,0x00000000d5a34168,0x00000000d5a80000)
  to   space 1024K, 0% used [0x00000000d5880000,0x00000000d5880000,0x00000000d5980000)
 ParOldGen       total 347648K, used 347337K [0x0000000080000000, 0x0000000095380000, 0x00000000d5580000)
  object space 347648K, 99% used [0x0000000080000000,0x00000000953327f8,0x0000000095380000)
 Metaspace       used 66097K, committed 67712K, reserved 1114112K
  class space    used 6887K, committed 7552K, reserved 1048576K
}
Event: 50.762 GC heap before
{Heap before GC invocations=488 (full 3):
 PSYoungGen      total 4096K, used 3763K [0x00000000d5580000, 0x00000000d5a80000, 0x0000000100000000)
  eden space 3072K, 99% used [0x00000000d5580000,0x00000000d5878d48,0x00000000d5880000)
  from space 1024K, 70% used [0x00000000d5980000,0x00000000d5a34168,0x00000000d5a80000)
  to   space 1024K, 0% used [0x00000000d5880000,0x00000000d5880000,0x00000000d5980000)
 ParOldGen       total 347648K, used 347337K [0x0000000080000000, 0x0000000095380000, 0x00000000d5580000)
  object space 347648K, 99% used [0x0000000080000000,0x00000000953327f8,0x0000000095380000)
 Metaspace       used 66489K, committed 68032K, reserved 1114112K
  class space    used 6906K, committed 7552K, reserved 1048576K
}
Event: 50.767 GC heap after
{Heap after GC invocations=488 (full 3):
 PSYoungGen      total 4096K, used 861K [0x00000000d5580000, 0x00000000d5a80000, 0x0000000100000000)
  eden space 3072K, 0% used [0x00000000d5580000,0x00000000d5580000,0x00000000d5880000)
  from space 1024K, 84% used [0x00000000d5880000,0x00000000d59575d8,0x00000000d5980000)
  to   space 1024K, 0% used [0x00000000d5980000,0x00000000d5980000,0x00000000d5a80000)
 ParOldGen       total 347648K, used 347481K [0x0000000080000000, 0x0000000095380000, 0x00000000d5580000)
  object space 347648K, 99% used [0x0000000080000000,0x00000000953567f8,0x0000000095380000)
 Metaspace       used 66489K, committed 68032K, reserved 1114112K
  class space    used 6906K, committed 7552K, reserved 1048576K
}
Event: 50.825 GC heap before
{Heap before GC invocations=489 (full 3):
 PSYoungGen      total 4096K, used 3918K [0x00000000d5580000, 0x00000000d5a80000, 0x0000000100000000)
  eden space 3072K, 99% used [0x00000000d5580000,0x00000000d587c4a8,0x00000000d5880000)
  from space 1024K, 84% used [0x00000000d5880000,0x00000000d59575d8,0x00000000d5980000)
  to   space 1024K, 0% used [0x00000000d5980000,0x00000000d5980000,0x00000000d5a80000)
 ParOldGen       total 347648K, used 347481K [0x0000000080000000, 0x0000000095380000, 0x00000000d5580000)
  object space 347648K, 99% used [0x0000000080000000,0x00000000953567f8,0x0000000095380000)
 Metaspace       used 66777K, committed 68352K, reserved 1114112K
  class space    used 6924K, committed 7552K, reserved 1048576K
}
Event: 50.829 GC heap after
{Heap after GC invocations=489 (full 3):
 PSYoungGen      total 4096K, used 688K [0x00000000d5580000, 0x00000000d5a80000, 0x0000000100000000)
  eden space 3072K, 0% used [0x00000000d5580000,0x00000000d5580000,0x00000000d5880000)
  from space 1024K, 67% used [0x00000000d5980000,0x00000000d5a2c010,0x00000000d5a80000)
  to   space 1024K, 0% used [0x00000000d5880000,0x00000000d5880000,0x00000000d5980000)
 ParOldGen       total 348160K, used 347746K [0x0000000080000000, 0x0000000095400000, 0x00000000d5580000)
  object space 348160K, 99% used [0x0000000080000000,0x0000000095398838,0x0000000095400000)
 Metaspace       used 66777K, committed 68352K, reserved 1114112K
  class space    used 6924K, committed 7552K, reserved 1048576K
}
Event: 50.863 GC heap before
{Heap before GC invocations=490 (full 3):
 PSYoungGen      total 4096K, used 3760K [0x00000000d5580000, 0x00000000d5a80000, 0x0000000100000000)
  eden space 3072K, 100% used [0x00000000d5580000,0x00000000d5880000,0x00000000d5880000)
  from space 1024K, 67% used [0x00000000d5980000,0x00000000d5a2c010,0x00000000d5a80000)
  to   space 1024K, 0% used [0x00000000d5880000,0x00000000d5880000,0x00000000d5980000)
 ParOldGen       total 348160K, used 347746K [0x0000000080000000, 0x0000000095400000, 0x00000000d5580000)
  object space 348160K, 99% used [0x0000000080000000,0x0000000095398838,0x0000000095400000)
 Metaspace       used 66782K, committed 68416K, reserved 1114112K
  class space    used 6924K, committed 7616K, reserved 1048576K
}
Event: 50.869 GC heap after
{Heap after GC invocations=490 (full 3):
 PSYoungGen      total 4096K, used 1004K [0x00000000d5580000, 0x00000000d5d80000, 0x0000000100000000)
  eden space 3072K, 0% used [0x00000000d5580000,0x00000000d5580000,0x00000000d5880000)
  from space 1024K, 98% used [0x00000000d5880000,0x00000000d597b340,0x00000000d5980000)
  to   space 2560K, 0% used [0x00000000d5b00000,0x00000000d5b00000,0x00000000d5d80000)
 ParOldGen       total 349184K, used 348956K [0x0000000080000000, 0x0000000095500000, 0x00000000d5580000)
  object space 349184K, 99% used [0x0000000080000000,0x00000000954c72a0,0x0000000095500000)
 Metaspace       used 66782K, committed 68416K, reserved 1114112K
  class space    used 6924K, committed 7616K, reserved 1048576K
}
Event: 50.877 GC heap before
{Heap before GC invocations=491 (full 3):
 PSYoungGen      total 4096K, used 4076K [0x00000000d5580000, 0x00000000d5d80000, 0x0000000100000000)
  eden space 3072K, 100% used [0x00000000d5580000,0x00000000d5880000,0x00000000d5880000)
  from space 1024K, 98% used [0x00000000d5880000,0x00000000d597b340,0x00000000d5980000)
  to   space 2560K, 0% used [0x00000000d5b00000,0x00000000d5b00000,0x00000000d5d80000)
 ParOldGen       total 349184K, used 348956K [0x0000000080000000, 0x0000000095500000, 0x00000000d5580000)
  object space 349184K, 99% used [0x0000000080000000,0x00000000954c72a0,0x0000000095500000)
 Metaspace       used 66791K, committed 68416K, reserved 1114112K
  class space    used 6926K, committed 7616K, reserved 1048576K
}
Event: 50.881 GC heap after
{Heap after GC invocations=491 (full 3):
 PSYoungGen      total 5120K, used 1856K [0x00000000d5580000, 0x00000000d5d00000, 0x0000000100000000)
  eden space 3072K, 0% used [0x00000000d5580000,0x00000000d5580000,0x00000000d5880000)
  from space 2048K, 90% used [0x00000000d5b00000,0x00000000d5cd00d0,0x00000000d5d00000)
  to   space 2048K, 0% used [0x00000000d5900000,0x00000000d5900000,0x00000000d5b00000)
 ParOldGen       total 350208K, used 349964K [0x0000000080000000, 0x0000000095600000, 0x00000000d5580000)
  object space 350208K, 99% used [0x0000000080000000,0x00000000955c3268,0x0000000095600000)
 Metaspace       used 66791K, committed 68416K, reserved 1114112K
  class space    used 6926K, committed 7616K, reserved 1048576K
}
Event: 50.941 GC heap before
{Heap before GC invocations=492 (full 3):
 PSYoungGen      total 5120K, used 4928K [0x00000000d5580000, 0x00000000d5d00000, 0x0000000100000000)
  eden space 3072K, 100% used [0x00000000d5580000,0x00000000d5880000,0x00000000d5880000)
  from space 2048K, 90% used [0x00000000d5b00000,0x00000000d5cd00d0,0x00000000d5d00000)
  to   space 2048K, 0% used [0x00000000d5900000,0x00000000d5900000,0x00000000d5b00000)
 ParOldGen       total 350208K, used 349964K [0x0000000080000000, 0x0000000095600000, 0x00000000d5580000)
  object space 350208K, 99% used [0x0000000080000000,0x00000000955c3268,0x0000000095600000)
 Metaspace       used 66848K, committed 68480K, reserved 1114112K
  class space    used 6929K, committed 7616K, reserved 1048576K
}
Event: 50.950 GC heap after
{Heap after GC invocations=492 (full 3):
 PSYoungGen      total 3584K, used 160K [0x00000000d5580000, 0x00000000d5b80000, 0x0000000100000000)
  eden space 3072K, 0% used [0x00000000d5580000,0x00000000d5580000,0x00000000d5880000)
  from space 512K, 31% used [0x00000000d5900000,0x00000000d5928000,0x00000000d5980000)
  to   space 1024K, 0% used [0x00000000d5a80000,0x00000000d5a80000,0x00000000d5b80000)
 ParOldGen       total 351744K, used 351378K [0x0000000080000000, 0x0000000095780000, 0x00000000d5580000)
  object space 351744K, 99% used [0x0000000080000000,0x0000000095724880,0x0000000095780000)
 Metaspace       used 66848K, committed 68480K, reserved 1114112K
  class space    used 6929K, committed 7616K, reserved 1048576K
}

