# JRE version: OpenJDK Runtime Environment Temurin-21.0.9+10 (21.0.9+10) (build 21.0.9+10-LTS)
# Java VM: OpenJDK 64-Bit Server VM Temurin-21.0.9+10 (21.0.9+10-LTS, mixed mode, sharing, tiered, compressed oops, compressed class ptrs, parallel gc, windows-amd64)
GC Precious Log:
 CardTable entry size: 512
 CPUs: 28 total, 28 available
 Memory: 16159M
 Large Page Support: Disabled
 NUMA Support: Disabled
 Compressed Oops: Enabled (32-bit)
 Alignments: Space 512K, Generation 512K, Heap 2M
 Heap Min Capacity: 100M
 Heap Initial Capacity: 100M
 Heap Max Capacity: 2G
 Pre-touch: Disabled
 Parallel Workers: 20
Heap:
 PSYoungGen      total 3584K, used 1325K [0x00000000d5580000, 0x00000000d5980000, 0x0000000100000000)
  eden space 2560K, 35% used [0x00000000d5580000,0x00000000d5663718,0x00000000d5800000)
  from space 1024K, 40% used [0x00000000d5800000,0x00000000d5868000,0x00000000d5900000)
  to   space 512K, 0% used [0x00000000d5900000,0x00000000d5900000,0x00000000d5980000)
 ParOldGen       total 409088K, used 408608K [0x0000000080000000, 0x0000000098f80000, 0x00000000d5580000)
  object space 409088K, 99% used [0x0000000080000000,0x0000000098f08030,0x0000000098f80000)
 Metaspace       used 101414K, committed 103168K, reserved 1179648K
  class space    used 9779K, committed 10688K, reserved 1048576K
GC Heap History (20 events):
Event: 29039.690 GC heap before
{Heap before GC invocations=5800 (full 13):
 PSYoungGen      total 3584K, used 2688K [0x00000000d5580000, 0x00000000d5a00000, 0x0000000100000000)
  eden space 2560K, 100% used [0x00000000d5580000,0x00000000d5800000,0x00000000d5800000)
  from space 1024K, 12% used [0x00000000d5880000,0x00000000d58a0000,0x00000000d5980000)
  to   space 512K, 0% used [0x00000000d5980000,0x00000000d5980000,0x00000000d5a00000)
 ParOldGen       total 406016K, used 405576K [0x0000000080000000, 0x0000000098c80000, 0x00000000d5580000)
  object space 406016K, 99% used [0x0000000080000000,0x0000000098c12280,0x0000000098c80000)
 Metaspace       used 101386K, committed 103168K, reserved 1179648K
  class space    used 9778K, committed 10688K, reserved 1048576K
}
Event: 29039.693 GC heap after
{Heap after GC invocations=5800 (full 13):
 PSYoungGen      total 3072K, used 512K [0x00000000d5580000, 0x00000000d5a00000, 0x0000000100000000)
  eden space 2560K, 0% used [0x00000000d5580000,0x00000000d5580000,0x00000000d5800000)
  from space 512K, 100% used [0x00000000d5980000,0x00000000d5a00000,0x00000000d5a00000)
  to   space 1024K, 0% used [0x00000000d5800000,0x00000000d5800000,0x00000000d5900000)
 ParOldGen       total 406016K, used 405877K [0x0000000080000000, 0x0000000098c80000, 0x00000000d5580000)
  object space 406016K, 99% used [0x0000000080000000,0x0000000098c5d690,0x0000000098c80000)
 Metaspace       used 101386K, committed 103168K, reserved 1179648K
  class space    used 9778K, committed 10688K, reserved 1048576K
}
Event: 29039.696 GC heap before
{Heap before GC invocations=5801 (full 13):
 PSYoungGen      total 3072K, used 3072K [0x00000000d5580000, 0x00000000d5a00000, 0x0000000100000000)
  eden space 2560K, 100% used [0x00000000d5580000,0x00000000d5800000,0x00000000d5800000)
  from space 512K, 100% used [0x00000000d5980000,0x00000000d5a00000,0x00000000d5a00000)
  to   space 1024K, 0% used [0x00000000d5800000,0x00000000d5800000,0x00000000d5900000)
 ParOldGen       total 406016K, used 405877K [0x0000000080000000, 0x0000000098c80000, 0x00000000d5580000)
  object space 406016K, 99% used [0x0000000080000000,0x0000000098c5d690,0x0000000098c80000)
 Metaspace       used 101386K, committed 103168K, reserved 1179648K
  class space    used 9778K, committed 10688K, reserved 1048576K
}
Event: 29039.698 GC heap after
{Heap after GC invocations=5801 (full 13):
 PSYoungGen      total 3584K, used 752K [0x00000000d5580000, 0x00000000d5a00000, 0x0000000100000000)
  eden space 2560K, 0% used [0x00000000d5580000,0x00000000d5580000,0x00000000d5800000)
  from space 1024K, 73% used [0x00000000d5800000,0x00000000d58bc010,0x00000000d5900000)
  to   space 1024K, 0% used [0x00000000d5900000,0x00000000d5900000,0x00000000d5a00000)
 ParOldGen       total 406528K, used 406213K [0x0000000080000000, 0x0000000098d00000, 0x00000000d5580000)
  object space 406528K, 99% used [0x0000000080000000,0x0000000098cb1690,0x0000000098d00000)
 Metaspace       used 101386K, committed 103168K, reserved 1179648K
  class space    used 9778K, committed 10688K, reserved 1048576K
}
Event: 29039.700 GC heap before
{Heap before GC invocations=5802 (full 13):
 PSYoungGen      total 3584K, used 3312K [0x00000000d5580000, 0x00000000d5a00000, 0x0000000100000000)
  eden space 2560K, 100% used [0x00000000d5580000,0x00000000d5800000,0x00000000d5800000)
  from space 1024K, 73% used [0x00000000d5800000,0x00000000d58bc010,0x00000000d5900000)
  to   space 1024K, 0% used [0x00000000d5900000,0x00000000d5900000,0x00000000d5a00000)
 ParOldGen       total 406528K, used 406213K [0x0000000080000000, 0x0000000098d00000, 0x00000000d5580000)
  object space 406528K, 99% used [0x0000000080000000,0x0000000098cb1690,0x0000000098d00000)
 Metaspace       used 101386K, committed 103168K, reserved 1179648K
  class space    used 9778K, committed 10688K, reserved 1048576K
}
Event: 29039.701 GC heap after
{Heap after GC invocations=5802 (full 13):
 PSYoungGen      total 3584K, used 416K [0x00000000d5580000, 0x00000000d5a80000, 0x0000000100000000)
  eden space 2560K, 0% used [0x00000000d5580000,0x00000000d5580000,0x00000000d5800000)
  from space 1024K, 40% used [0x00000000d5900000,0x00000000d5968000,0x00000000d5a00000)
  to   space 1024K, 0% used [0x00000000d5800000,0x00000000d5800000,0x00000000d5900000)
 ParOldGen       total 407040K, used 406622K [0x0000000080000000, 0x0000000098d80000, 0x00000000d5580000)
  object space 407040K, 99% used [0x0000000080000000,0x0000000098d17950,0x0000000098d80000)
 Metaspace       used 101386K, committed 103168K, reserved 1179648K
  class space    used 9778K, committed 10688K, reserved 1048576K
}
Event: 29063.887 GC heap before
{Heap before GC invocations=5803 (full 13):
 PSYoungGen      total 3584K, used 2976K [0x00000000d5580000, 0x00000000d5a80000, 0x0000000100000000)
  eden space 2560K, 100% used [0x00000000d5580000,0x00000000d5800000,0x00000000d5800000)
  from space 1024K, 40% used [0x00000000d5900000,0x00000000d5968000,0x00000000d5a00000)
  to   space 1024K, 0% used [0x00000000d5800000,0x00000000d5800000,0x00000000d5900000)
 ParOldGen       total 407040K, used 406622K [0x0000000080000000, 0x0000000098d80000, 0x00000000d5580000)
  object space 407040K, 99% used [0x0000000080000000,0x0000000098d17950,0x0000000098d80000)
 Metaspace       used 101387K, committed 103168K, reserved 1179648K
  class space    used 9778K, committed 10688K, reserved 1048576K
}
Event: 29063.896 GC heap after
{Heap after GC invocations=5803 (full 13):
 PSYoungGen      total 3584K, used 704K [0x00000000d5580000, 0x00000000d5a00000, 0x0000000100000000)
  eden space 2560K, 0% used [0x00000000d5580000,0x00000000d5580000,0x00000000d5800000)
  from space 1024K, 68% used [0x00000000d5800000,0x00000000d58b0020,0x00000000d5900000)
  to   space 1024K, 0% used [0x00000000d5900000,0x00000000d5900000,0x00000000d5a00000)
 ParOldGen       total 407040K, used 406782K [0x0000000080000000, 0x0000000098d80000, 0x00000000d5580000)
  object space 407040K, 99% used [0x0000000080000000,0x0000000098d3f950,0x0000000098d80000)
 Metaspace       used 101387K, committed 103168K, reserved 1179648K
  class space    used 9778K, committed 10688K, reserved 1048576K
}
Event: 29063.998 GC heap before
{Heap before GC invocations=5804 (full 13):
 PSYoungGen      total 3584K, used 3264K [0x00000000d5580000, 0x00000000d5a00000, 0x0000000100000000)
  eden space 2560K, 100% used [0x00000000d5580000,0x00000000d5800000,0x00000000d5800000)
  from space 1024K, 68% used [0x00000000d5800000,0x00000000d58b0020,0x00000000d5900000)
  to   space 1024K, 0% used [0x00000000d5900000,0x00000000d5900000,0x00000000d5a00000)
 ParOldGen       total 407040K, used 406782K [0x0000000080000000, 0x0000000098d80000, 0x00000000d5580000)
  object space 407040K, 99% used [0x0000000080000000,0x0000000098d3f950,0x0000000098d80000)
 Metaspace       used 101387K, committed 103168K, reserved 1179648K
  class space    used 9778K, committed 10688K, reserved 1048576K
}
Event: 29064.003 GC heap after
{Heap after GC invocations=5804 (full 13):
 PSYoungGen      total 3584K, used 553K [0x00000000d5580000, 0x00000000d5a00000, 0x0000000100000000)
  eden space 2560K, 0% used [0x00000000d5580000,0x00000000d5580000,0x00000000d5800000)
  from space 1024K, 54% used [0x00000000d5900000,0x00000000d598a400,0x00000000d5a00000)
  to   space 1024K, 0% used [0x00000000d5800000,0x00000000d5800000,0x00000000d5900000)
 ParOldGen       total 407552K, used 407238K [0x0000000080000000, 0x0000000098e00000, 0x00000000d5580000)
  object space 407552K, 99% used [0x0000000080000000,0x0000000098db1970,0x0000000098e00000)
 Metaspace       used 101387K, committed 103168K, reserved 1179648K
  class space    used 9778K, committed 10688K, reserved 1048576K
}
Event: 29064.013 GC heap before
{Heap before GC invocations=5805 (full 13):
 PSYoungGen      total 3584K, used 3113K [0x00000000d5580000, 0x00000000d5a00000, 0x0000000100000000)
  eden space 2560K, 100% used [0x00000000d5580000,0x00000000d5800000,0x00000000d5800000)
  from space 1024K, 54% used [0x00000000d5900000,0x00000000d598a400,0x00000000d5a00000)
  to   space 1024K, 0% used [0x00000000d5800000,0x00000000d5800000,0x00000000d5900000)
 ParOldGen       total 407552K, used 407238K [0x0000000080000000, 0x0000000098e00000, 0x00000000d5580000)
  object space 407552K, 99% used [0x0000000080000000,0x0000000098db1970,0x0000000098e00000)
 Metaspace       used 101387K, committed 103168K, reserved 1179648K
  class space    used 9778K, committed 10688K, reserved 1048576K
}
Event: 29064.017 GC heap after
{Heap after GC invocations=5805 (full 13):
 PSYoungGen      total 3584K, used 656K [0x00000000d5580000, 0x00000000d5a00000, 0x0000000100000000)
  eden space 2560K, 0% used [0x00000000d5580000,0x00000000d5580000,0x00000000d5800000)
  from space 1024K, 64% used [0x00000000d5800000,0x00000000d58a4010,0x00000000d5900000)
  to   space 1024K, 0% used [0x00000000d5900000,0x00000000d5900000,0x00000000d5a00000)
 ParOldGen       total 407552K, used 407428K [0x0000000080000000, 0x0000000098e00000, 0x00000000d5580000)
  object space 407552K, 99% used [0x0000000080000000,0x0000000098de1010,0x0000000098e00000)
 Metaspace       used 101387K, committed 103168K, reserved 1179648K
  class space    used 9778K, committed 10688K, reserved 1048576K
}
Event: 29064.023 GC heap before
{Heap before GC invocations=5806 (full 13):
 PSYoungGen      total 3584K, used 3216K [0x00000000d5580000, 0x00000000d5a00000, 0x0000000100000000)
  eden space 2560K, 100% used [0x00000000d5580000,0x00000000d5800000,0x00000000d5800000)
  from space 1024K, 64% used [0x00000000d5800000,0x00000000d58a4010,0x00000000d5900000)
  to   space 1024K, 0% used [0x00000000d5900000,0x00000000d5900000,0x00000000d5a00000)
 ParOldGen       total 407552K, used 407428K [0x0000000080000000, 0x0000000098e00000, 0x00000000d5580000)
  object space 407552K, 99% used [0x0000000080000000,0x0000000098de1010,0x0000000098e00000)
 Metaspace       used 101387K, committed 103168K, reserved 1179648K
  class space    used 9778K, committed 10688K, reserved 1048576K
}
Event: 29064.025 GC heap after
{Heap after GC invocations=5806 (full 13):
 PSYoungGen      total 3072K, used 320K [0x00000000d5580000, 0x00000000d5980000, 0x0000000100000000)
  eden space 2560K, 0% used [0x00000000d5580000,0x00000000d5580000,0x00000000d5800000)
  from space 512K, 62% used [0x00000000d5900000,0x00000000d5950000,0x00000000d5980000)
  to   space 512K, 0% used [0x00000000d5880000,0x00000000d5880000,0x00000000d5900000)
 ParOldGen       total 408064K, used 407836K [0x0000000080000000, 0x0000000098e80000, 0x00000000d5580000)
  object space 408064K, 99% used [0x0000000080000000,0x0000000098e47020,0x0000000098e80000)
 Metaspace       used 101387K, committed 103168K, reserved 1179648K
  class space    used 9778K, committed 10688K, reserved 1048576K
}
Event: 29064.295 GC heap before
{Heap before GC invocations=5807 (full 13):
 PSYoungGen      total 3072K, used 2880K [0x00000000d5580000, 0x00000000d5980000, 0x0000000100000000)
  eden space 2560K, 100% used [0x00000000d5580000,0x00000000d5800000,0x00000000d5800000)
  from space 512K, 62% used [0x00000000d5900000,0x00000000d5950000,0x00000000d5980000)
  to   space 512K, 0% used [0x00000000d5880000,0x00000000d5880000,0x00000000d5900000)
 ParOldGen       total 408064K, used 407836K [0x0000000080000000, 0x0000000098e80000, 0x00000000d5580000)
  object space 408064K, 99% used [0x0000000080000000,0x0000000098e47020,0x0000000098e80000)
 Metaspace       used 101388K, committed 103168K, reserved 1179648K
  class space    used 9778K, committed 10688K, reserved 1048576K
}
Event: 29064.301 GC heap after
{Heap after GC invocations=5807 (full 13):
 PSYoungGen      total 3072K, used 512K [0x00000000d5580000, 0x00000000d5a00000, 0x0000000100000000)
  eden space 2560K, 0% used [0x00000000d5580000,0x00000000d5580000,0x00000000d5800000)
  from space 512K, 100% used [0x00000000d5880000,0x00000000d5900000,0x00000000d5900000)
  to   space 1024K, 0% used [0x00000000d5900000,0x00000000d5900000,0x00000000d5a00000)
 ParOldGen       total 408064K, used 408060K [0x0000000080000000, 0x0000000098e80000, 0x00000000d5580000)
  object space 408064K, 99% used [0x0000000080000000,0x0000000098e7f020,0x0000000098e80000)
 Metaspace       used 101388K, committed 103168K, reserved 1179648K
  class space    used 9778K, committed 10688K, reserved 1048576K
}
Event: 30526.228 GC heap before
{Heap before GC invocations=5808 (full 13):
 PSYoungGen      total 3072K, used 3071K [0x00000000d5580000, 0x00000000d5a00000, 0x0000000100000000)
  eden space 2560K, 99% used [0x00000000d5580000,0x00000000d57ffff0,0x00000000d5800000)
  from space 512K, 100% used [0x00000000d5880000,0x00000000d5900000,0x00000000d5900000)
  to   space 1024K, 0% used [0x00000000d5900000,0x00000000d5900000,0x00000000d5a00000)
 ParOldGen       total 408064K, used 408060K [0x0000000080000000, 0x0000000098e80000, 0x00000000d5580000)
  object space 408064K, 99% used [0x0000000080000000,0x0000000098e7f020,0x0000000098e80000)
 Metaspace       used 101404K, committed 103168K, reserved 1179648K
  class space    used 9778K, committed 10688K, reserved 1048576K
}
Event: 30526.317 GC heap after
{Heap after GC invocations=5808 (full 13):
 PSYoungGen      total 3584K, used 448K [0x00000000d5580000, 0x00000000d5a00000, 0x0000000100000000)
  eden space 2560K, 0% used [0x00000000d5580000,0x00000000d5580000,0x00000000d5800000)
  from space 1024K, 43% used [0x00000000d5900000,0x00000000d5970000,0x00000000d5a00000)
  to   space 1024K, 0% used [0x00000000d5800000,0x00000000d5800000,0x00000000d5900000)
 ParOldGen       total 408576K, used 408520K [0x0000000080000000, 0x0000000098f00000, 0x00000000d5580000)
  object space 408576K, 99% used [0x0000000080000000,0x0000000098ef2030,0x0000000098f00000)
 Metaspace       used 101404K, committed 103168K, reserved 1179648K
  class space    used 9778K, committed 10688K, reserved 1048576K
}
Event: 89722.609 GC heap before
{Heap before GC invocations=5809 (full 13):
 PSYoungGen      total 3584K, used 3008K [0x00000000d5580000, 0x00000000d5a00000, 0x0000000100000000)
  eden space 2560K, 100% used [0x00000000d5580000,0x00000000d5800000,0x00000000d5800000)
  from space 1024K, 43% used [0x00000000d5900000,0x00000000d5970000,0x00000000d5a00000)
  to   space 1024K, 0% used [0x00000000d5800000,0x00000000d5800000,0x00000000d5900000)
 ParOldGen       total 408576K, used 408520K [0x0000000080000000, 0x0000000098f00000, 0x00000000d5580000)
  object space 408576K, 99% used [0x0000000080000000,0x0000000098ef2030,0x0000000098f00000)
 Metaspace       used 101414K, committed 103168K, reserved 1179648K
  class space    used 9779K, committed 10688K, reserved 1048576K
}
Event: 89722.683 GC heap after
{Heap after GC invocations=5809 (full 13):
 PSYoungGen      total 3584K, used 416K [0x00000000d5580000, 0x00000000d5980000, 0x0000000100000000)
  eden space 2560K, 0% used [0x00000000d5580000,0x00000000d5580000,0x00000000d5800000)
  from space 1024K, 40% used [0x00000000d5800000,0x00000000d5868000,0x00000000d5900000)
  to   space 512K, 0% used [0x00000000d5900000,0x00000000d5900000,0x00000000d5980000)
 ParOldGen       total 409088K, used 408608K [0x0000000080000000, 0x0000000098f80000, 0x00000000d5580000)
  object space 409088K, 99% used [0x0000000080000000,0x0000000098f08030,0x0000000098f80000)
 Metaspace       used 101414K, committed 103168K, reserved 1179648K
  class space    used 9779K, committed 10688K, reserved 1048576K
}

