# JRE version: OpenJDK Runtime Environment Temurin-21.0.9+10 (21.0.9+10) (build 21.0.9+10-LTS)
# Java VM: OpenJDK 64-Bit Server VM Temurin-21.0.9+10 (21.0.9+10-LTS, mixed mode, sharing, tiered, compressed oops, compressed class ptrs, parallel gc, windows-amd64)
GC Precious Log:
 CardTable entry size: 512
 CPUs: 28 total, 28 available
 Memory: 16159M
 Large Page Support: Disabled
 NUMA Support: Disabled
 Compressed Oops: Enabled (32-bit)
 Alignments: Space 512K, Generation 512K, Heap 2M
 Heap Min Capacity: 100M
 Heap Initial Capacity: 100M
 Heap Max Capacity: 2G
 Pre-touch: Disabled
 Parallel Workers: 20
Heap:
 PSYoungGen      total 4608K, used 1141K [0x00000000d5580000, 0x00000000d5c00000, 0x0000000100000000)
  eden space 3584K, 13% used [0x00000000d5580000,0x00000000d55fd480,0x00000000d5900000)
  from space 1024K, 62% used [0x00000000d5900000,0x00000000d59a0000,0x00000000d5a00000)
  to   space 1024K, 0% used [0x00000000d5b00000,0x00000000d5b00000,0x00000000d5c00000)
 ParOldGen       total 351744K, used 351667K [0x0000000080000000, 0x0000000095780000, 0x00000000d5580000)
  object space 351744K, 99% used [0x0000000080000000,0x000000009576ce78,0x0000000095780000)
 Metaspace       used 70378K, committed 71872K, reserved 1114112K
  class space    used 7438K, committed 8128K, reserved 1048576K
GC Heap History (20 events):
Event: 101.150 GC heap after
{Heap after GC invocations=545 (full 3):
 PSYoungGen      total 4096K, used 512K [0x00000000d5580000, 0x00000000d5a80000, 0x0000000100000000)
  eden space 3072K, 0% used [0x00000000d5580000,0x00000000d5580000,0x00000000d5880000)
  from space 1024K, 50% used [0x00000000d5980000,0x00000000d5a00000,0x00000000d5a80000)
  to   space 1024K, 0% used [0x00000000d5880000,0x00000000d5880000,0x00000000d5980000)
 ParOldGen       total 348672K, used 348519K [0x0000000080000000, 0x0000000095480000, 0x00000000d5580000)
  object space 348672K, 99% used [0x0000000080000000,0x0000000095459e90,0x0000000095480000)
 Metaspace       used 69842K, committed 71296K, reserved 1114112K
  class space    used 7387K, committed 8000K, reserved 1048576K
}
Event: 101.173 GC heap before
{Heap before GC invocations=546 (full 3):
 PSYoungGen      total 4096K, used 3583K [0x00000000d5580000, 0x00000000d5a80000, 0x0000000100000000)
  eden space 3072K, 99% used [0x00000000d5580000,0x00000000d587ffe0,0x00000000d5880000)
  from space 1024K, 50% used [0x00000000d5980000,0x00000000d5a00000,0x00000000d5a80000)
  to   space 1024K, 0% used [0x00000000d5880000,0x00000000d5880000,0x00000000d5980000)
 ParOldGen       total 348672K, used 348519K [0x0000000080000000, 0x0000000095480000, 0x00000000d5580000)
  object space 348672K, 99% used [0x0000000080000000,0x0000000095459e90,0x0000000095480000)
 Metaspace       used 69842K, committed 71296K, reserved 1114112K
  class space    used 7387K, committed 8000K, reserved 1048576K
}
Event: 101.175 GC heap after
{Heap after GC invocations=546 (full 3):
 PSYoungGen      total 4096K, used 672K [0x00000000d5580000, 0x00000000d5a80000, 0x0000000100000000)
  eden space 3072K, 0% used [0x00000000d5580000,0x00000000d5580000,0x00000000d5880000)
  from space 1024K, 65% used [0x00000000d5880000,0x00000000d5928000,0x00000000d5980000)
  to   space 1024K, 0% used [0x00000000d5980000,0x00000000d5980000,0x00000000d5a80000)
 ParOldGen       total 349184K, used 348775K [0x0000000080000000, 0x0000000095500000, 0x00000000d5580000)
  object space 349184K, 99% used [0x0000000080000000,0x0000000095499e90,0x0000000095500000)
 Metaspace       used 69842K, committed 71296K, reserved 1114112K
  class space    used 7387K, committed 8000K, reserved 1048576K
}
Event: 101.304 GC heap before
{Heap before GC invocations=547 (full 3):
 PSYoungGen      total 4096K, used 3744K [0x00000000d5580000, 0x00000000d5a80000, 0x0000000100000000)
  eden space 3072K, 100% used [0x00000000d5580000,0x00000000d5880000,0x00000000d5880000)
  from space 1024K, 65% used [0x00000000d5880000,0x00000000d5928000,0x00000000d5980000)
  to   space 1024K, 0% used [0x00000000d5980000,0x00000000d5980000,0x00000000d5a80000)
 ParOldGen       total 349184K, used 348775K [0x0000000080000000, 0x0000000095500000, 0x00000000d5580000)
  object space 349184K, 99% used [0x0000000080000000,0x0000000095499e90,0x0000000095500000)
 Metaspace       used 69843K, committed 71296K, reserved 1114112K
  class space    used 7387K, committed 8000K, reserved 1048576K
}
Event: 101.306 GC heap after
{Heap after GC invocations=547 (full 3):
 PSYoungGen      total 4096K, used 544K [0x00000000d5580000, 0x00000000d5a80000, 0x0000000100000000)
  eden space 3072K, 0% used [0x00000000d5580000,0x00000000d5580000,0x00000000d5880000)
  from space 1024K, 53% used [0x00000000d5980000,0x00000000d5a08000,0x00000000d5a80000)
  to   space 1024K, 0% used [0x00000000d5880000,0x00000000d5880000,0x00000000d5980000)
 ParOldGen       total 349184K, used 349064K [0x0000000080000000, 0x0000000095500000, 0x00000000d5580000)
  object space 349184K, 99% used [0x0000000080000000,0x00000000954e2138,0x0000000095500000)
 Metaspace       used 69843K, committed 71296K, reserved 1114112K
  class space    used 7387K, committed 8000K, reserved 1048576K
}
Event: 101.438 GC heap before
{Heap before GC invocations=548 (full 3):
 PSYoungGen      total 4096K, used 3616K [0x00000000d5580000, 0x00000000d5a80000, 0x0000000100000000)
  eden space 3072K, 100% used [0x00000000d5580000,0x00000000d5880000,0x00000000d5880000)
  from space 1024K, 53% used [0x00000000d5980000,0x00000000d5a08000,0x00000000d5a80000)
  to   space 1024K, 0% used [0x00000000d5880000,0x00000000d5880000,0x00000000d5980000)
 ParOldGen       total 349184K, used 349064K [0x0000000080000000, 0x0000000095500000, 0x00000000d5580000)
  object space 349184K, 99% used [0x0000000080000000,0x00000000954e2138,0x0000000095500000)
 Metaspace       used 69845K, committed 71296K, reserved 1114112K
  class space    used 7387K, committed 8000K, reserved 1048576K
}
Event: 101.441 GC heap after
{Heap after GC invocations=548 (full 3):
 PSYoungGen      total 4096K, used 704K [0x00000000d5580000, 0x00000000d5a80000, 0x0000000100000000)
  eden space 3072K, 0% used [0x00000000d5580000,0x00000000d5580000,0x00000000d5880000)
  from space 1024K, 68% used [0x00000000d5880000,0x00000000d5930000,0x00000000d5980000)
  to   space 1024K, 0% used [0x00000000d5980000,0x00000000d5980000,0x00000000d5a80000)
 ParOldGen       total 349696K, used 349273K [0x0000000080000000, 0x0000000095580000, 0x00000000d5580000)
  object space 349696K, 99% used [0x0000000080000000,0x00000000955164f0,0x0000000095580000)
 Metaspace       used 69845K, committed 71296K, reserved 1114112K
  class space    used 7387K, committed 8000K, reserved 1048576K
}
Event: 102.547 GC heap before
{Heap before GC invocations=549 (full 3):
 PSYoungGen      total 4096K, used 3775K [0x00000000d5580000, 0x00000000d5a80000, 0x0000000100000000)
  eden space 3072K, 99% used [0x00000000d5580000,0x00000000d587ffd8,0x00000000d5880000)
  from space 1024K, 68% used [0x00000000d5880000,0x00000000d5930000,0x00000000d5980000)
  to   space 1024K, 0% used [0x00000000d5980000,0x00000000d5980000,0x00000000d5a80000)
 ParOldGen       total 349696K, used 349273K [0x0000000080000000, 0x0000000095580000, 0x00000000d5580000)
  object space 349696K, 99% used [0x0000000080000000,0x00000000955164f0,0x0000000095580000)
 Metaspace       used 69853K, committed 71296K, reserved 1114112K
  class space    used 7387K, committed 8000K, reserved 1048576K
}
Event: 102.549 GC heap after
{Heap after GC invocations=549 (full 3):
 PSYoungGen      total 4096K, used 608K [0x00000000d5580000, 0x00000000d5a80000, 0x0000000100000000)
  eden space 3072K, 0% used [0x00000000d5580000,0x00000000d5580000,0x00000000d5880000)
  from space 1024K, 59% used [0x00000000d5980000,0x00000000d5a18000,0x00000000d5a80000)
  to   space 1024K, 0% used [0x00000000d5880000,0x00000000d5880000,0x00000000d5980000)
 ParOldGen       total 349696K, used 349563K [0x0000000080000000, 0x0000000095580000, 0x00000000d5580000)
  object space 349696K, 99% used [0x0000000080000000,0x000000009555ee68,0x0000000095580000)
 Metaspace       used 69853K, committed 71296K, reserved 1114112K
  class space    used 7387K, committed 8000K, reserved 1048576K
}
Event: 102.592 GC heap before
{Heap before GC invocations=550 (full 3):
 PSYoungGen      total 4096K, used 3679K [0x00000000d5580000, 0x00000000d5a80000, 0x0000000100000000)
  eden space 3072K, 99% used [0x00000000d5580000,0x00000000d587fff8,0x00000000d5880000)
  from space 1024K, 59% used [0x00000000d5980000,0x00000000d5a18000,0x00000000d5a80000)
  to   space 1024K, 0% used [0x00000000d5880000,0x00000000d5880000,0x00000000d5980000)
 ParOldGen       total 349696K, used 349563K [0x0000000080000000, 0x0000000095580000, 0x00000000d5580000)
  object space 349696K, 99% used [0x0000000080000000,0x000000009555ee68,0x0000000095580000)
 Metaspace       used 69917K, committed 71296K, reserved 1114112K
  class space    used 7397K, committed 8000K, reserved 1048576K
}
Event: 102.594 GC heap after
{Heap after GC invocations=550 (full 3):
 PSYoungGen      total 4096K, used 640K [0x00000000d5580000, 0x00000000d5a80000, 0x0000000100000000)
  eden space 3072K, 0% used [0x00000000d5580000,0x00000000d5580000,0x00000000d5880000)
  from space 1024K, 62% used [0x00000000d5880000,0x00000000d5920000,0x00000000d5980000)
  to   space 1024K, 0% used [0x00000000d5980000,0x00000000d5980000,0x00000000d5a80000)
 ParOldGen       total 350208K, used 349755K [0x0000000080000000, 0x0000000095600000, 0x00000000d5580000)
  object space 350208K, 99% used [0x0000000080000000,0x000000009558ee68,0x0000000095600000)
 Metaspace       used 69917K, committed 71296K, reserved 1114112K
  class space    used 7397K, committed 8000K, reserved 1048576K
}
Event: 102.661 GC heap before
{Heap before GC invocations=551 (full 3):
 PSYoungGen      total 4096K, used 3712K [0x00000000d5580000, 0x00000000d5a80000, 0x0000000100000000)
  eden space 3072K, 100% used [0x00000000d5580000,0x00000000d5880000,0x00000000d5880000)
  from space 1024K, 62% used [0x00000000d5880000,0x00000000d5920000,0x00000000d5980000)
  to   space 1024K, 0% used [0x00000000d5980000,0x00000000d5980000,0x00000000d5a80000)
 ParOldGen       total 350208K, used 349755K [0x0000000080000000, 0x0000000095600000, 0x00000000d5580000)
  object space 350208K, 99% used [0x0000000080000000,0x000000009558ee68,0x0000000095600000)
 Metaspace       used 70294K, committed 71808K, reserved 1114112K
  class space    used 7430K, committed 8128K, reserved 1048576K
}
Event: 102.662 GC heap after
{Heap after GC invocations=551 (full 3):
 PSYoungGen      total 4096K, used 660K [0x00000000d5580000, 0x00000000d5a80000, 0x0000000100000000)
  eden space 3072K, 0% used [0x00000000d5580000,0x00000000d5580000,0x00000000d5880000)
  from space 1024K, 64% used [0x00000000d5980000,0x00000000d5a252f0,0x00000000d5a80000)
  to   space 1024K, 0% used [0x00000000d5880000,0x00000000d5880000,0x00000000d5980000)
 ParOldGen       total 350208K, used 350082K [0x0000000080000000, 0x0000000095600000, 0x00000000d5580000)
  object space 350208K, 99% used [0x0000000080000000,0x00000000955e0a50,0x0000000095600000)
 Metaspace       used 70294K, committed 71808K, reserved 1114112K
  class space    used 7430K, committed 8128K, reserved 1048576K
}
Event: 102.752 GC heap before
{Heap before GC invocations=552 (full 3):
 PSYoungGen      total 4096K, used 3732K [0x00000000d5580000, 0x00000000d5a80000, 0x0000000100000000)
  eden space 3072K, 100% used [0x00000000d5580000,0x00000000d5880000,0x00000000d5880000)
  from space 1024K, 64% used [0x00000000d5980000,0x00000000d5a252f0,0x00000000d5a80000)
  to   space 1024K, 0% used [0x00000000d5880000,0x00000000d5880000,0x00000000d5980000)
 ParOldGen       total 350208K, used 350082K [0x0000000080000000, 0x0000000095600000, 0x00000000d5580000)
  object space 350208K, 99% used [0x0000000080000000,0x00000000955e0a50,0x0000000095600000)
 Metaspace       used 70350K, committed 71872K, reserved 1114112K
  class space    used 7435K, committed 8128K, reserved 1048576K
}
Event: 102.753 GC heap after
{Heap after GC invocations=552 (full 3):
 PSYoungGen      total 4096K, used 497K [0x00000000d5580000, 0x00000000d5a80000, 0x0000000100000000)
  eden space 3072K, 0% used [0x00000000d5580000,0x00000000d5580000,0x00000000d5880000)
  from space 1024K, 48% used [0x00000000d5880000,0x00000000d58fc698,0x00000000d5980000)
  to   space 1024K, 0% used [0x00000000d5980000,0x00000000d5980000,0x00000000d5a80000)
 ParOldGen       total 350720K, used 350272K [0x0000000080000000, 0x0000000095680000, 0x00000000d5580000)
  object space 350720K, 99% used [0x0000000080000000,0x0000000095610190,0x0000000095680000)
 Metaspace       used 70350K, committed 71872K, reserved 1114112K
  class space    used 7435K, committed 8128K, reserved 1048576K
}
Event: 102.759 GC heap before
{Heap before GC invocations=553 (full 3):
 PSYoungGen      total 4096K, used 3569K [0x00000000d5580000, 0x00000000d5a80000, 0x0000000100000000)
  eden space 3072K, 100% used [0x00000000d5580000,0x00000000d5880000,0x00000000d5880000)
  from space 1024K, 48% used [0x00000000d5880000,0x00000000d58fc698,0x00000000d5980000)
  to   space 1024K, 0% used [0x00000000d5980000,0x00000000d5980000,0x00000000d5a80000)
 ParOldGen       total 350720K, used 350272K [0x0000000080000000, 0x0000000095680000, 0x00000000d5580000)
  object space 350720K, 99% used [0x0000000080000000,0x0000000095610190,0x0000000095680000)
 Metaspace       used 70350K, committed 71872K, reserved 1114112K
  class space    used 7435K, committed 8128K, reserved 1048576K
}
Event: 102.760 GC heap after
{Heap after GC invocations=553 (full 3):
 PSYoungGen      total 4096K, used 576K [0x00000000d5580000, 0x00000000d5a80000, 0x0000000100000000)
  eden space 3072K, 0% used [0x00000000d5580000,0x00000000d5580000,0x00000000d5880000)
  from space 1024K, 56% used [0x00000000d5980000,0x00000000d5a10000,0x00000000d5a80000)
  to   space 1024K, 0% used [0x00000000d5880000,0x00000000d5880000,0x00000000d5980000)
 ParOldGen       total 350720K, used 350475K [0x0000000080000000, 0x0000000095680000, 0x00000000d5580000)
  object space 350720K, 99% used [0x0000000080000000,0x0000000095642c38,0x0000000095680000)
 Metaspace       used 70350K, committed 71872K, reserved 1114112K
  class space    used 7435K, committed 8128K, reserved 1048576K
}
Event: 102.792 GC heap before
{Heap before GC invocations=554 (full 3):
 PSYoungGen      total 4096K, used 3648K [0x00000000d5580000, 0x00000000d5a80000, 0x0000000100000000)
  eden space 3072K, 100% used [0x00000000d5580000,0x00000000d5880000,0x00000000d5880000)
  from space 1024K, 56% used [0x00000000d5980000,0x00000000d5a10000,0x00000000d5a80000)
  to   space 1024K, 0% used [0x00000000d5880000,0x00000000d5880000,0x00000000d5980000)
 ParOldGen       total 350720K, used 350475K [0x0000000080000000, 0x0000000095680000, 0x00000000d5580000)
  object space 350720K, 99% used [0x0000000080000000,0x0000000095642c38,0x0000000095680000)
 Metaspace       used 70352K, committed 71872K, reserved 1114112K
  class space    used 7435K, committed 8128K, reserved 1048576K
}
Event: 102.794 GC heap after
{Heap after GC invocations=554 (full 3):
 PSYoungGen      total 4096K, used 592K [0x00000000d5580000, 0x00000000d5a80000, 0x0000000100000000)
  eden space 3072K, 0% used [0x00000000d5580000,0x00000000d5580000,0x00000000d5880000)
  from space 1024K, 57% used [0x00000000d5880000,0x00000000d59143a0,0x00000000d5980000)
  to   space 1024K, 0% used [0x00000000d5980000,0x00000000d5980000,0x00000000d5a80000)
 ParOldGen       total 350720K, used 350651K [0x0000000080000000, 0x0000000095680000, 0x00000000d5580000)
  object space 350720K, 99% used [0x0000000080000000,0x000000009566ec38,0x0000000095680000)
 Metaspace       used 70352K, committed 71872K, reserved 1114112K
  class space    used 7435K, committed 8128K, reserved 1048576K
}
Event: 102.822 GC heap before
{Heap before GC invocations=555 (full 3):
 PSYoungGen      total 4096K, used 3664K [0x00000000d5580000, 0x00000000d5a80000, 0x0000000100000000)
  eden space 3072K, 100% used [0x00000000d5580000,0x00000000d5880000,0x00000000d5880000)
  from space 1024K, 57% used [0x00000000d5880000,0x00000000d59143a0,0x00000000d5980000)
  to   space 1024K, 0% used [0x00000000d5980000,0x00000000d5980000,0x00000000d5a80000)
 ParOldGen       total 350720K, used 350651K [0x0000000080000000, 0x0000000095680000, 0x00000000d5580000)
  object space 350720K, 99% used [0x0000000080000000,0x000000009566ec38,0x0000000095680000)
 Metaspace       used 70354K, committed 71872K, reserved 1114112K
  class space    used 7435K, committed 8128K, reserved 1048576K
}

