# JRE version: OpenJDK Runtime Environment Temurin-21.0.9+10 (21.0.9+10) (build 21.0.9+10-LTS)
# Java VM: OpenJDK 64-Bit Server VM Temurin-21.0.9+10 (21.0.9+10-LTS, mixed mode, sharing, tiered, compressed oops, compressed class ptrs, parallel gc, windows-amd64)
GC Precious Log:
 CardTable entry size: 512
 CPUs: 28 total, 28 available
 Memory: 16159M
 Large Page Support: Disabled
 NUMA Support: Disabled
 Compressed Oops: Enabled (32-bit)
 Alignments: Space 512K, Generation 512K, Heap 2M
 Heap Min Capacity: 100M
 Heap Initial Capacity: 100M
 Heap Max Capacity: 2G
 Pre-touch: Disabled
 Parallel Workers: 20
Heap:
 PSYoungGen      total 5632K, used 5184K [0x00000000d5580000, 0x00000000d5d80000, 0x0000000100000000)
  eden space 4608K, 100% used [0x00000000d5580000,0x00000000d5a00000,0x00000000d5a00000)
  from space 1024K, 56% used [0x00000000d5c00000,0x00000000d5c90000,0x00000000d5d00000)
  to   space 512K, 0% used [0x00000000d5d00000,0x00000000d5d00000,0x00000000d5d80000)
 ParOldGen       total 452096K, used 451912K [0x0000000080000000, 0x000000009b980000, 0x00000000d5580000)
  object space 452096K, 99% used [0x0000000080000000,0x000000009b952330,0x000000009b980000)
 Metaspace       used 73345K, committed 74944K, reserved 1179648K
  class space    used 7453K, committed 8128K, reserved 1048576K
GC Heap History (20 events):
Event: 66.198 GC heap before
{Heap before GC invocations=844 (full 3):
 PSYoungGen      total 5632K, used 5615K [0x00000000d5580000, 0x00000000d5d80000, 0x0000000100000000)
  eden space 4608K, 99% used [0x00000000d5580000,0x00000000d59ffbc0,0x00000000d5a00000)
  from space 1024K, 98% used [0x00000000d5c80000,0x00000000d5d7c188,0x00000000d5d80000)
  to   space 1536K, 0% used [0x00000000d5a80000,0x00000000d5a80000,0x00000000d5c00000)
 ParOldGen       total 447488K, used 447107K [0x0000000080000000, 0x000000009b500000, 0x00000000d5580000)
  object space 447488K, 99% used [0x0000000080000000,0x000000009b4a0fd0,0x000000009b500000)
 Metaspace       used 71198K, committed 72832K, reserved 1179648K
  class space    used 7266K, committed 7936K, reserved 1048576K
}
Event: 66.201 GC heap after
{Heap after GC invocations=844 (full 3):
 PSYoungGen      total 6144K, used 384K [0x00000000d5580000, 0x00000000d5d00000, 0x0000000100000000)
  eden space 4608K, 0% used [0x00000000d5580000,0x00000000d5580000,0x00000000d5a00000)
  from space 1536K, 25% used [0x00000000d5a80000,0x00000000d5ae0000,0x00000000d5c00000)
  to   space 1024K, 0% used [0x00000000d5c00000,0x00000000d5c00000,0x00000000d5d00000)
 ParOldGen       total 447488K, used 447453K [0x0000000080000000, 0x000000009b500000, 0x00000000d5580000)
  object space 447488K, 99% used [0x0000000080000000,0x000000009b4f76c0,0x000000009b500000)
 Metaspace       used 71198K, committed 72832K, reserved 1179648K
  class space    used 7266K, committed 7936K, reserved 1048576K
}
Event: 66.395 GC heap before
{Heap before GC invocations=845 (full 3):
 PSYoungGen      total 6144K, used 4991K [0x00000000d5580000, 0x00000000d5d00000, 0x0000000100000000)
  eden space 4608K, 99% used [0x00000000d5580000,0x00000000d59fffb0,0x00000000d5a00000)
  from space 1536K, 25% used [0x00000000d5a80000,0x00000000d5ae0000,0x00000000d5c00000)
  to   space 1024K, 0% used [0x00000000d5c00000,0x00000000d5c00000,0x00000000d5d00000)
 ParOldGen       total 447488K, used 447453K [0x0000000080000000, 0x000000009b500000, 0x00000000d5580000)
  object space 447488K, 99% used [0x0000000080000000,0x000000009b4f76c0,0x000000009b500000)
 Metaspace       used 71608K, committed 73280K, reserved 1179648K
  class space    used 7296K, committed 8000K, reserved 1048576K
}
Event: 66.397 GC heap after
{Heap after GC invocations=845 (full 3):
 PSYoungGen      total 5632K, used 800K [0x00000000d5580000, 0x00000000d5d00000, 0x0000000100000000)
  eden space 4608K, 0% used [0x00000000d5580000,0x00000000d5580000,0x00000000d5a00000)
  from space 1024K, 78% used [0x00000000d5c00000,0x00000000d5cc8000,0x00000000d5d00000)
  to   space 1024K, 0% used [0x00000000d5b00000,0x00000000d5b00000,0x00000000d5c00000)
 ParOldGen       total 448000K, used 447525K [0x0000000080000000, 0x000000009b580000, 0x00000000d5580000)
  object space 448000K, 99% used [0x0000000080000000,0x000000009b5096c0,0x000000009b580000)
 Metaspace       used 71608K, committed 73280K, reserved 1179648K
  class space    used 7296K, committed 8000K, reserved 1048576K
}
Event: 66.577 GC heap before
{Heap before GC invocations=846 (full 3):
 PSYoungGen      total 5632K, used 5404K [0x00000000d5580000, 0x00000000d5d00000, 0x0000000100000000)
  eden space 4608K, 99% used [0x00000000d5580000,0x00000000d59ff3d0,0x00000000d5a00000)
  from space 1024K, 78% used [0x00000000d5c00000,0x00000000d5cc8000,0x00000000d5d00000)
  to   space 1024K, 0% used [0x00000000d5b00000,0x00000000d5b00000,0x00000000d5c00000)
 ParOldGen       total 448000K, used 447525K [0x0000000080000000, 0x000000009b580000, 0x00000000d5580000)
  object space 448000K, 99% used [0x0000000080000000,0x000000009b5096c0,0x000000009b580000)
 Metaspace       used 71927K, committed 73600K, reserved 1179648K
  class space    used 7313K, committed 8000K, reserved 1048576K
}
Event: 66.579 GC heap after
{Heap after GC invocations=846 (full 3):
 PSYoungGen      total 5632K, used 723K [0x00000000d5580000, 0x00000000d5c80000, 0x0000000100000000)
  eden space 4608K, 0% used [0x00000000d5580000,0x00000000d5580000,0x00000000d5a00000)
  from space 1024K, 70% used [0x00000000d5b00000,0x00000000d5bb4d10,0x00000000d5c00000)
  to   space 512K, 0% used [0x00000000d5c00000,0x00000000d5c00000,0x00000000d5c80000)
 ParOldGen       total 448000K, used 447909K [0x0000000080000000, 0x000000009b580000, 0x00000000d5580000)
  object space 448000K, 99% used [0x0000000080000000,0x000000009b5696c0,0x000000009b580000)
 Metaspace       used 71927K, committed 73600K, reserved 1179648K
  class space    used 7313K, committed 8000K, reserved 1048576K
}
Event: 67.854 GC heap before
{Heap before GC invocations=847 (full 3):
 PSYoungGen      total 5632K, used 5331K [0x00000000d5580000, 0x00000000d5c80000, 0x0000000100000000)
  eden space 4608K, 100% used [0x00000000d5580000,0x00000000d5a00000,0x00000000d5a00000)
  from space 1024K, 70% used [0x00000000d5b00000,0x00000000d5bb4d10,0x00000000d5c00000)
  to   space 512K, 0% used [0x00000000d5c00000,0x00000000d5c00000,0x00000000d5c80000)
 ParOldGen       total 448000K, used 447909K [0x0000000080000000, 0x000000009b580000, 0x00000000d5580000)
  object space 448000K, 99% used [0x0000000080000000,0x000000009b5696c0,0x000000009b580000)
 Metaspace       used 72287K, committed 73856K, reserved 1179648K
  class space    used 7349K, committed 8000K, reserved 1048576K
}
Event: 67.857 GC heap after
{Heap after GC invocations=847 (full 3):
 PSYoungGen      total 5120K, used 468K [0x00000000d5580000, 0x00000000d5c80000, 0x0000000100000000)
  eden space 4608K, 0% used [0x00000000d5580000,0x00000000d5580000,0x00000000d5a00000)
  from space 512K, 91% used [0x00000000d5c00000,0x00000000d5c75248,0x00000000d5c80000)
  to   space 1024K, 0% used [0x00000000d5a80000,0x00000000d5a80000,0x00000000d5b80000)
 ParOldGen       total 448512K, used 448278K [0x0000000080000000, 0x000000009b600000, 0x00000000d5580000)
  object space 448512K, 99% used [0x0000000080000000,0x000000009b5c5840,0x000000009b600000)
 Metaspace       used 72287K, committed 73856K, reserved 1179648K
  class space    used 7349K, committed 8000K, reserved 1048576K
}
Event: 68.026 GC heap before
{Heap before GC invocations=848 (full 3):
 PSYoungGen      total 5120K, used 5076K [0x00000000d5580000, 0x00000000d5c80000, 0x0000000100000000)
  eden space 4608K, 100% used [0x00000000d5580000,0x00000000d5a00000,0x00000000d5a00000)
  from space 512K, 91% used [0x00000000d5c00000,0x00000000d5c75248,0x00000000d5c80000)
  to   space 1024K, 0% used [0x00000000d5a80000,0x00000000d5a80000,0x00000000d5b80000)
 ParOldGen       total 448512K, used 448278K [0x0000000080000000, 0x000000009b600000, 0x00000000d5580000)
  object space 448512K, 99% used [0x0000000080000000,0x000000009b5c5840,0x000000009b600000)
 Metaspace       used 72463K, committed 74112K, reserved 1179648K
  class space    used 7371K, committed 8064K, reserved 1048576K
}
Event: 68.028 GC heap after
{Heap after GC invocations=848 (full 3):
 PSYoungGen      total 5632K, used 1024K [0x00000000d5580000, 0x00000000d5d00000, 0x0000000100000000)
  eden space 4608K, 0% used [0x00000000d5580000,0x00000000d5580000,0x00000000d5a00000)
  from space 1024K, 100% used [0x00000000d5a80000,0x00000000d5b80000,0x00000000d5b80000)
  to   space 1536K, 0% used [0x00000000d5b80000,0x00000000d5b80000,0x00000000d5d00000)
 ParOldGen       total 448512K, used 448422K [0x0000000080000000, 0x000000009b600000, 0x00000000d5580000)
  object space 448512K, 99% used [0x0000000080000000,0x000000009b5e9840,0x000000009b600000)
 Metaspace       used 72463K, committed 74112K, reserved 1179648K
  class space    used 7371K, committed 8064K, reserved 1048576K
}
Event: 68.114 GC heap before
{Heap before GC invocations=849 (full 3):
 PSYoungGen      total 5632K, used 5603K [0x00000000d5580000, 0x00000000d5d00000, 0x0000000100000000)
  eden space 4608K, 99% used [0x00000000d5580000,0x00000000d59f8c00,0x00000000d5a00000)
  from space 1024K, 100% used [0x00000000d5a80000,0x00000000d5b80000,0x00000000d5b80000)
  to   space 1536K, 0% used [0x00000000d5b80000,0x00000000d5b80000,0x00000000d5d00000)
 ParOldGen       total 448512K, used 448422K [0x0000000080000000, 0x000000009b600000, 0x00000000d5580000)
  object space 448512K, 99% used [0x0000000080000000,0x000000009b5e9840,0x000000009b600000)
 Metaspace       used 72654K, committed 74304K, reserved 1179648K
  class space    used 7392K, committed 8064K, reserved 1048576K
}
Event: 68.116 GC heap after
{Heap after GC invocations=849 (full 3):
 PSYoungGen      total 5632K, used 524K [0x00000000d5580000, 0x00000000d5c80000, 0x0000000100000000)
  eden space 4608K, 0% used [0x00000000d5580000,0x00000000d5580000,0x00000000d5a00000)
  from space 1024K, 51% used [0x00000000d5b80000,0x00000000d5c03288,0x00000000d5c80000)
  to   space 1024K, 0% used [0x00000000d5a80000,0x00000000d5a80000,0x00000000d5b80000)
 ParOldGen       total 449536K, used 449286K [0x0000000080000000, 0x000000009b700000, 0x00000000d5580000)
  object space 449536K, 99% used [0x0000000080000000,0x000000009b6c1840,0x000000009b700000)
 Metaspace       used 72654K, committed 74304K, reserved 1179648K
  class space    used 7392K, committed 8064K, reserved 1048576K
}
Event: 68.166 GC heap before
{Heap before GC invocations=850 (full 3):
 PSYoungGen      total 5632K, used 5132K [0x00000000d5580000, 0x00000000d5c80000, 0x0000000100000000)
  eden space 4608K, 99% used [0x00000000d5580000,0x00000000d59ffff0,0x00000000d5a00000)
  from space 1024K, 51% used [0x00000000d5b80000,0x00000000d5c03288,0x00000000d5c80000)
  to   space 1024K, 0% used [0x00000000d5a80000,0x00000000d5a80000,0x00000000d5b80000)
 ParOldGen       total 449536K, used 449286K [0x0000000080000000, 0x000000009b700000, 0x00000000d5580000)
  object space 449536K, 99% used [0x0000000080000000,0x000000009b6c1840,0x000000009b700000)
 Metaspace       used 72744K, committed 74368K, reserved 1179648K
  class space    used 7403K, committed 8064K, reserved 1048576K
}
Event: 68.169 GC heap after
{Heap after GC invocations=850 (full 3):
 PSYoungGen      total 5632K, used 1018K [0x00000000d5580000, 0x00000000d6100000, 0x0000000100000000)
  eden space 4608K, 0% used [0x00000000d5580000,0x00000000d5580000,0x00000000d5a00000)
  from space 1024K, 99% used [0x00000000d5a80000,0x00000000d5b7e818,0x00000000d5b80000)
  to   space 3584K, 0% used [0x00000000d5d80000,0x00000000d5d80000,0x00000000d6100000)
 ParOldGen       total 451072K, used 451063K [0x0000000080000000, 0x000000009b880000, 0x00000000d5580000)
  object space 451072K, 99% used [0x0000000080000000,0x000000009b87dc70,0x000000009b880000)
 Metaspace       used 72744K, committed 74368K, reserved 1179648K
  class space    used 7403K, committed 8064K, reserved 1048576K
}
Event: 68.268 GC heap before
{Heap before GC invocations=851 (full 3):
 PSYoungGen      total 5632K, used 5626K [0x00000000d5580000, 0x00000000d6100000, 0x0000000100000000)
  eden space 4608K, 100% used [0x00000000d5580000,0x00000000d5a00000,0x00000000d5a00000)
  from space 1024K, 99% used [0x00000000d5a80000,0x00000000d5b7e818,0x00000000d5b80000)
  to   space 3584K, 0% used [0x00000000d5d80000,0x00000000d5d80000,0x00000000d6100000)
 ParOldGen       total 451072K, used 451063K [0x0000000080000000, 0x000000009b880000, 0x00000000d5580000)
  object space 451072K, 99% used [0x0000000080000000,0x000000009b87dc70,0x000000009b880000)
 Metaspace       used 72873K, committed 74560K, reserved 1179648K
  class space    used 7417K, committed 8128K, reserved 1048576K
}
Event: 68.270 GC heap after
{Heap after GC invocations=851 (full 3):
 PSYoungGen      total 5120K, used 512K [0x00000000d5580000, 0x00000000d5e00000, 0x0000000100000000)
  eden space 4608K, 0% used [0x00000000d5580000,0x00000000d5580000,0x00000000d5a00000)
  from space 512K, 100% used [0x00000000d5d80000,0x00000000d5e00000,0x00000000d5e00000)
  to   space 1536K, 0% used [0x00000000d5b00000,0x00000000d5b00000,0x00000000d5c80000)
 ParOldGen       total 451584K, used 451151K [0x0000000080000000, 0x000000009b900000, 0x00000000d5580000)
  object space 451584K, 99% used [0x0000000080000000,0x000000009b893c70,0x000000009b900000)
 Metaspace       used 72873K, committed 74560K, reserved 1179648K
  class space    used 7417K, committed 8128K, reserved 1048576K
}
Event: 68.320 GC heap before
{Heap before GC invocations=852 (full 3):
 PSYoungGen      total 5120K, used 5120K [0x00000000d5580000, 0x00000000d5e00000, 0x0000000100000000)
  eden space 4608K, 100% used [0x00000000d5580000,0x00000000d5a00000,0x00000000d5a00000)
  from space 512K, 100% used [0x00000000d5d80000,0x00000000d5e00000,0x00000000d5e00000)
  to   space 1536K, 0% used [0x00000000d5b00000,0x00000000d5b00000,0x00000000d5c80000)
 ParOldGen       total 451584K, used 451151K [0x0000000080000000, 0x000000009b900000, 0x00000000d5580000)
  object space 451584K, 99% used [0x0000000080000000,0x000000009b893c70,0x000000009b900000)
 Metaspace       used 73094K, committed 74752K, reserved 1179648K
  class space    used 7434K, committed 8128K, reserved 1048576K
}
Event: 68.322 GC heap after
{Heap after GC invocations=852 (full 3):
 PSYoungGen      total 6144K, used 480K [0x00000000d5580000, 0x00000000d5e00000, 0x0000000100000000)
  eden space 4608K, 0% used [0x00000000d5580000,0x00000000d5580000,0x00000000d5a00000)
  from space 1536K, 31% used [0x00000000d5b00000,0x00000000d5b78000,0x00000000d5c80000)
  to   space 1024K, 0% used [0x00000000d5d00000,0x00000000d5d00000,0x00000000d5e00000)
 ParOldGen       total 451584K, used 451255K [0x0000000080000000, 0x000000009b900000, 0x00000000d5580000)
  object space 451584K, 99% used [0x0000000080000000,0x000000009b8adc70,0x000000009b900000)
 Metaspace       used 73094K, committed 74752K, reserved 1179648K
  class space    used 7434K, committed 8128K, reserved 1048576K
}
Event: 68.352 GC heap before
{Heap before GC invocations=853 (full 3):
 PSYoungGen      total 6144K, used 5088K [0x00000000d5580000, 0x00000000d5e00000, 0x0000000100000000)
  eden space 4608K, 100% used [0x00000000d5580000,0x00000000d5a00000,0x00000000d5a00000)
  from space 1536K, 31% used [0x00000000d5b00000,0x00000000d5b78000,0x00000000d5c80000)
  to   space 1024K, 0% used [0x00000000d5d00000,0x00000000d5d00000,0x00000000d5e00000)
 ParOldGen       total 451584K, used 451255K [0x0000000080000000, 0x000000009b900000, 0x00000000d5580000)
  object space 451584K, 99% used [0x0000000080000000,0x000000009b8adc70,0x000000009b900000)
 Metaspace       used 73103K, committed 74752K, reserved 1179648K
  class space    used 7434K, committed 8128K, reserved 1048576K
}
Event: 68.354 GC heap after
{Heap after GC invocations=853 (full 3):
 PSYoungGen      total 5632K, used 585K [0x00000000d5580000, 0x00000000d5e00000, 0x0000000100000000)
  eden space 4608K, 0% used [0x00000000d5580000,0x00000000d5580000,0x00000000d5a00000)
  from space 1024K, 57% used [0x00000000d5d00000,0x00000000d5d92400,0x00000000d5e00000)
  to   space 1024K, 0% used [0x00000000d5c00000,0x00000000d5c00000,0x00000000d5d00000)
 ParOldGen       total 451584K, used 451403K [0x0000000080000000, 0x000000009b900000, 0x00000000d5580000)
  object space 451584K, 99% used [0x0000000080000000,0x000000009b8d2f10,0x000000009b900000)
 Metaspace       used 73103K, committed 74752K, reserved 1179648K
  class space    used 7434K, committed 8128K, reserved 1048576K
}

